2020-05-08 10:05:47 INFO  EmployeesRestAPI:16 - ****Started test case 1****
2020-05-08 10:05:49 INFO  EmployeesRestAPI:115 - Checking checkCokies 
2020-05-08 10:05:49 INFO  EmployeesRestAPI:91 - Checking checkContentEncoding 
2020-05-08 10:05:49 INFO  EmployeesRestAPI:94 - checkContentEncoding : gzip
2020-05-08 10:05:49 INFO  EmployeesRestAPI:101 - Checking checkContentLenght 
2020-05-08 10:05:49 INFO  EmployeesRestAPI:104 - contentLength : 595
2020-05-08 10:05:49 INFO  EmployeesRestAPI:71 - Checking checkContentType 
2020-05-08 10:05:49 INFO  EmployeesRestAPI:74 - checkContentType : application/json;charset=utf-8
2020-05-08 10:05:49 INFO  EmployeesRestAPI:28 - Checking response body
2020-05-08 10:05:49 INFO  EmployeesRestAPI:31 - Response body: {"status":"success","data":[{"id":"1","employee_name":"Tiger Nixon","employee_salary":"320800","employee_age":"61","profile_image":""},{"id":"2","employee_name":"Garrett Winters","employee_salary":"170750","employee_age":"63","profile_image":""},{"id":"3","employee_name":"Ashton Cox","employee_salary":"86000","employee_age":"66","profile_image":""},{"id":"4","employee_name":"Cedric Kelly","employee_salary":"433060","employee_age":"22","profile_image":""},{"id":"5","employee_name":"Airi Satou","employee_salary":"162700","employee_age":"33","profile_image":""},{"id":"6","employee_name":"Brielle Williamson","employee_salary":"372000","employee_age":"61","profile_image":""},{"id":"7","employee_name":"Herrod Chandler","employee_salary":"137500","employee_age":"59","profile_image":""},{"id":"8","employee_name":"Rhona Davidson","employee_salary":"327900","employee_age":"55","profile_image":""},{"id":"9","employee_name":"Colleen Hurst","employee_salary":"205500","employee_age":"39","profile_image":""},{"id":"10","employee_name":"Sonya Frost","employee_salary":"103600","employee_age":"23","profile_image":""},{"id":"11","employee_name":"Jena Gaines","employee_salary":"90560","employee_age":"30","profile_image":""},{"id":"12","employee_name":"Quinn Flynn","employee_salary":"342000","employee_age":"22","profile_image":""},{"id":"13","employee_name":"Charde Marshall","employee_salary":"470600","employee_age":"36","profile_image":""},{"id":"14","employee_name":"Haley Kennedy","employee_salary":"313500","employee_age":"43","profile_image":""},{"id":"15","employee_name":"Tatyana Fitzpatrick","employee_salary":"385750","employee_age":"19","profile_image":""},{"id":"16","employee_name":"Michael Silva","employee_salary":"198500","employee_age":"66","profile_image":""},{"id":"17","employee_name":"Paul Byrd","employee_salary":"725000","employee_age":"64","profile_image":""},{"id":"18","employee_name":"Gloria Little","employee_salary":"237500","employee_age":"59","profile_image":""},{"id":"19","employee_name":"Bradley Greer","employee_salary":"132000","employee_age":"41","profile_image":""},{"id":"20","employee_name":"Dai Rios","employee_salary":"217500","employee_age":"35","profile_image":""},{"id":"21","employee_name":"Jenette Caldwell","employee_salary":"345000","employee_age":"30","profile_image":""},{"id":"22","employee_name":"Yuri Berry","employee_salary":"675000","employee_age":"40","profile_image":""},{"id":"23","employee_name":"Caesar Vance","employee_salary":"106450","employee_age":"21","profile_image":""},{"id":"24","employee_name":"Doris Wilder","employee_salary":"85600","employee_age":"23","profile_image":""}]}
2020-05-08 10:05:49 INFO  EmployeesRestAPI:48 - Checking checkResponseTime 
2020-05-08 10:05:49 INFO  EmployeesRestAPI:51 - checkResponseTime : 1261
2020-05-08 10:05:49 INFO  EmployeesRestAPI:81 - Checking checkServerType 
2020-05-08 10:05:49 INFO  EmployeesRestAPI:84 - checkServerType : nginx/1.16.0
2020-05-08 10:05:49 INFO  EmployeesRestAPI:38 - Checking checkStatusCode 
2020-05-08 10:05:49 INFO  EmployeesRestAPI:41 - checkStatusCode : 200
2020-05-08 10:05:49 INFO  EmployeesRestAPI:61 - Checking checkStatusLine 
2020-05-08 10:05:49 INFO  EmployeesRestAPI:64 - checkStatusLine : HTTP/1.1 200 OK
2020-05-08 10:05:49 INFO  EmployeesRestAPI:123 - All testcases done
2020-05-08 10:06:42 INFO  EmployeesRestAPI:16 - ****Started test case 1****
2020-05-08 10:06:44 INFO  EmployeesRestAPI:81 - Checking checkServerType 
2020-05-08 10:06:44 INFO  EmployeesRestAPI:84 - checkServerType : nginx/1.16.0
2020-05-08 10:06:44 INFO  EmployeesRestAPI:123 - All testcases done
2020-05-08 10:06:51 INFO  EmployeesRestAPI:16 - ****Started test case 1****
2020-05-08 10:06:52 INFO  EmployeesRestAPI:115 - Checking checkCokies 
2020-05-08 10:06:52 INFO  EmployeesRestAPI:91 - Checking checkContentEncoding 
2020-05-08 10:06:52 INFO  EmployeesRestAPI:94 - checkContentEncoding : gzip
2020-05-08 10:06:52 INFO  EmployeesRestAPI:101 - Checking checkContentLenght 
2020-05-08 10:06:52 INFO  EmployeesRestAPI:104 - contentLength : 595
2020-05-08 10:06:52 INFO  EmployeesRestAPI:71 - Checking checkContentType 
2020-05-08 10:06:52 INFO  EmployeesRestAPI:74 - checkContentType : application/json;charset=utf-8
2020-05-08 10:06:52 INFO  EmployeesRestAPI:28 - Checking response body
2020-05-08 10:06:52 INFO  EmployeesRestAPI:31 - Response body: {"status":"success","data":[{"id":"1","employee_name":"Tiger Nixon","employee_salary":"320800","employee_age":"61","profile_image":""},{"id":"2","employee_name":"Garrett Winters","employee_salary":"170750","employee_age":"63","profile_image":""},{"id":"3","employee_name":"Ashton Cox","employee_salary":"86000","employee_age":"66","profile_image":""},{"id":"4","employee_name":"Cedric Kelly","employee_salary":"433060","employee_age":"22","profile_image":""},{"id":"5","employee_name":"Airi Satou","employee_salary":"162700","employee_age":"33","profile_image":""},{"id":"6","employee_name":"Brielle Williamson","employee_salary":"372000","employee_age":"61","profile_image":""},{"id":"7","employee_name":"Herrod Chandler","employee_salary":"137500","employee_age":"59","profile_image":""},{"id":"8","employee_name":"Rhona Davidson","employee_salary":"327900","employee_age":"55","profile_image":""},{"id":"9","employee_name":"Colleen Hurst","employee_salary":"205500","employee_age":"39","profile_image":""},{"id":"10","employee_name":"Sonya Frost","employee_salary":"103600","employee_age":"23","profile_image":""},{"id":"11","employee_name":"Jena Gaines","employee_salary":"90560","employee_age":"30","profile_image":""},{"id":"12","employee_name":"Quinn Flynn","employee_salary":"342000","employee_age":"22","profile_image":""},{"id":"13","employee_name":"Charde Marshall","employee_salary":"470600","employee_age":"36","profile_image":""},{"id":"14","employee_name":"Haley Kennedy","employee_salary":"313500","employee_age":"43","profile_image":""},{"id":"15","employee_name":"Tatyana Fitzpatrick","employee_salary":"385750","employee_age":"19","profile_image":""},{"id":"16","employee_name":"Michael Silva","employee_salary":"198500","employee_age":"66","profile_image":""},{"id":"17","employee_name":"Paul Byrd","employee_salary":"725000","employee_age":"64","profile_image":""},{"id":"18","employee_name":"Gloria Little","employee_salary":"237500","employee_age":"59","profile_image":""},{"id":"19","employee_name":"Bradley Greer","employee_salary":"132000","employee_age":"41","profile_image":""},{"id":"20","employee_name":"Dai Rios","employee_salary":"217500","employee_age":"35","profile_image":""},{"id":"21","employee_name":"Jenette Caldwell","employee_salary":"345000","employee_age":"30","profile_image":""},{"id":"22","employee_name":"Yuri Berry","employee_salary":"675000","employee_age":"40","profile_image":""},{"id":"23","employee_name":"Caesar Vance","employee_salary":"106450","employee_age":"21","profile_image":""},{"id":"24","employee_name":"Doris Wilder","employee_salary":"85600","employee_age":"23","profile_image":""}]}
2020-05-08 10:06:52 INFO  EmployeesRestAPI:48 - Checking checkResponseTime 
2020-05-08 10:06:52 INFO  EmployeesRestAPI:51 - checkResponseTime : 610
2020-05-08 10:06:52 INFO  EmployeesRestAPI:81 - Checking checkServerType 
2020-05-08 10:06:52 INFO  EmployeesRestAPI:84 - checkServerType : nginx/1.16.0
2020-05-08 10:06:52 INFO  EmployeesRestAPI:38 - Checking checkStatusCode 
2020-05-08 10:06:52 INFO  EmployeesRestAPI:41 - checkStatusCode : 200
2020-05-08 10:06:52 INFO  EmployeesRestAPI:61 - Checking checkStatusLine 
2020-05-08 10:06:52 INFO  EmployeesRestAPI:64 - checkStatusLine : HTTP/1.1 200 OK
2020-05-08 10:06:52 INFO  EmployeesRestAPI:123 - All testcases done
2020-05-08 10:09:05 INFO  EmployeesRestAPI:16 - ****Started test case 1****
2020-05-08 10:09:06 INFO  EmployeesRestAPI:115 - Checking checkCokies 
2020-05-08 10:09:06 INFO  EmployeesRestAPI:91 - Checking checkContentEncoding 
2020-05-08 10:09:06 INFO  EmployeesRestAPI:94 - checkContentEncoding : gzip
2020-05-08 10:09:06 INFO  EmployeesRestAPI:101 - Checking checkContentLenght 
2020-05-08 10:09:06 INFO  EmployeesRestAPI:104 - contentLength : 595
2020-05-08 10:09:06 INFO  EmployeesRestAPI:71 - Checking checkContentType 
2020-05-08 10:09:06 INFO  EmployeesRestAPI:74 - checkContentType : application/json;charset=utf-8
2020-05-08 10:09:06 INFO  EmployeesRestAPI:28 - Checking response body
2020-05-08 10:09:06 INFO  EmployeesRestAPI:31 - Response body: {"status":"success","data":[{"id":"1","employee_name":"Tiger Nixon","employee_salary":"320800","employee_age":"61","profile_image":""},{"id":"2","employee_name":"Garrett Winters","employee_salary":"170750","employee_age":"63","profile_image":""},{"id":"3","employee_name":"Ashton Cox","employee_salary":"86000","employee_age":"66","profile_image":""},{"id":"4","employee_name":"Cedric Kelly","employee_salary":"433060","employee_age":"22","profile_image":""},{"id":"5","employee_name":"Airi Satou","employee_salary":"162700","employee_age":"33","profile_image":""},{"id":"6","employee_name":"Brielle Williamson","employee_salary":"372000","employee_age":"61","profile_image":""},{"id":"7","employee_name":"Herrod Chandler","employee_salary":"137500","employee_age":"59","profile_image":""},{"id":"8","employee_name":"Rhona Davidson","employee_salary":"327900","employee_age":"55","profile_image":""},{"id":"9","employee_name":"Colleen Hurst","employee_salary":"205500","employee_age":"39","profile_image":""},{"id":"10","employee_name":"Sonya Frost","employee_salary":"103600","employee_age":"23","profile_image":""},{"id":"11","employee_name":"Jena Gaines","employee_salary":"90560","employee_age":"30","profile_image":""},{"id":"12","employee_name":"Quinn Flynn","employee_salary":"342000","employee_age":"22","profile_image":""},{"id":"13","employee_name":"Charde Marshall","employee_salary":"470600","employee_age":"36","profile_image":""},{"id":"14","employee_name":"Haley Kennedy","employee_salary":"313500","employee_age":"43","profile_image":""},{"id":"15","employee_name":"Tatyana Fitzpatrick","employee_salary":"385750","employee_age":"19","profile_image":""},{"id":"16","employee_name":"Michael Silva","employee_salary":"198500","employee_age":"66","profile_image":""},{"id":"17","employee_name":"Paul Byrd","employee_salary":"725000","employee_age":"64","profile_image":""},{"id":"18","employee_name":"Gloria Little","employee_salary":"237500","employee_age":"59","profile_image":""},{"id":"19","employee_name":"Bradley Greer","employee_salary":"132000","employee_age":"41","profile_image":""},{"id":"20","employee_name":"Dai Rios","employee_salary":"217500","employee_age":"35","profile_image":""},{"id":"21","employee_name":"Jenette Caldwell","employee_salary":"345000","employee_age":"30","profile_image":""},{"id":"22","employee_name":"Yuri Berry","employee_salary":"675000","employee_age":"40","profile_image":""},{"id":"23","employee_name":"Caesar Vance","employee_salary":"106450","employee_age":"21","profile_image":""},{"id":"24","employee_name":"Doris Wilder","employee_salary":"85600","employee_age":"23","profile_image":""}]}
2020-05-08 10:09:06 INFO  EmployeesRestAPI:48 - Checking checkResponseTime 
2020-05-08 10:09:06 INFO  EmployeesRestAPI:51 - checkResponseTime : 615
2020-05-08 10:09:06 INFO  EmployeesRestAPI:81 - Checking checkServerType 
2020-05-08 10:09:06 INFO  EmployeesRestAPI:84 - checkServerType : nginx/1.16.0
2020-05-08 10:09:06 INFO  EmployeesRestAPI:38 - Checking checkStatusCode 
2020-05-08 10:09:06 INFO  EmployeesRestAPI:41 - checkStatusCode : 200
2020-05-08 10:09:06 INFO  EmployeesRestAPI:61 - Checking checkStatusLine 
2020-05-08 10:09:06 INFO  EmployeesRestAPI:64 - checkStatusLine : HTTP/1.1 200 OK
2020-05-08 10:09:06 INFO  EmployeesRestAPI:123 - All testcases done
2020-05-08 10:27:56 INFO  EmployeesRestAPI:16 - Started test case
2020-05-08 10:28:02 INFO  EmployeesRestAPI:44 - Test case done 
2020-05-08 10:29:14 INFO  EmployeesRestAPI:16 - Started test case 2
2020-05-08 10:29:21 INFO  EmployeesRestAPI:44 - Test case done 
2020-05-08 10:29:57 INFO  EmployeesRestAPI:16 - ****Started test case 1****
2020-05-08 10:30:00 INFO  EmployeesRestAPI:115 - Checking checkCokies 
2020-05-08 10:30:00 INFO  EmployeesRestAPI:91 - Checking checkContentEncoding 
2020-05-08 10:30:00 INFO  EmployeesRestAPI:94 - checkContentEncoding : gzip
2020-05-08 10:30:00 INFO  EmployeesRestAPI:101 - Checking checkContentLenght 
2020-05-08 10:30:00 INFO  EmployeesRestAPI:104 - contentLength : null
2020-05-08 10:30:00 INFO  EmployeesRestAPI:71 - Checking checkContentType 
2020-05-08 10:30:00 INFO  EmployeesRestAPI:74 - checkContentType : text/html;charset=UTF-8
2020-05-08 10:30:00 INFO  EmployeesRestAPI:28 - Checking response body
2020-05-08 10:30:00 INFO  EmployeesRestAPI:31 - Response body: <html>
    <head><script data-ezscrex="false" type="text/javascript" data-cfasync="false">var _ezaq = {"ad_cache_level":0,"ad_count_adjustment":0,"ad_lazyload_version":0,"ad_location_ids":"","ad_transform_level":0,"adx_ad_count":0,"bidder_method":3,"bidder_version":5,"city":"Bengaluru","country":"IN","days_since_last_visit":-1,"display_ad_count":0,"domain_id":133674,"ds_adsize_opt_id":-1,"engaged_time_visit":0,"ezcache_level":1,"forensiq_score":-1,"form_factor_id":1,"framework_id":1,"has_bad_image":0,"has_bad_words":0,"iab_category":"","is_from_recommended_pages":false,"is_return_visitor":false,"is_sitespeed":0,"last_page_load":"","last_pageview_id":"","lt_cache_level":0,"max_ads":0,"metro_code":0,"optimization_version":4,"page_ad_positions":"","page_view_count":0,"page_view_id":"f9be8e27-46ed-469a-4572-209f57d514cb","position_selection_id":0,"postal_code":"560002","pv_event_count":0,"response_time_orig":1154,"serverid":"15.206.67.41:16787","state":"KA","sub_page_ad_positions":"","t_epoch":1588913999,"template_id":0,"time_on_site_visit":0,"url":"http://dummy.restapiexample.com/api/v1/employee","user_id":0,"word_count":0,"worst_bad_word_level":0};var _ezim_d = null;var _ezat = {"domain_id":133674,"form_factor_id":1,"framework_id":1,"pageview_date":"2020-05-07","pageview_id":"f9be8e27-46ed-469a-4572-209f57d514cb","template_id":0,"url":"http://dummy.restapiexample.com/api/v1/employee","visit_uuid":"5459eda7-6404-4658-7c8e-692873cd0f47"};</script><script data-ezscrex='false' data-pagespeed-no-defer data-cfasync='false' type="text/javascript">__ez.queue.addFile('banger.js', '/porpoiseant/banger.js?cb=188-3&bv=31&v=32&PageSpeed=off', true, [], true, false, false, true);</script>
<script data-ezscrex='false' data-cfasync='false' data-pagespeed-no-defer>var __ez=__ez||{};__ez.stms=Date.now();__ez.evt={};__ez.script={};__ez.ck={};__ez.template={};__ez.template.isOrig=false;__ez.evt.add=function(e,t,n){e.addEventListener?e.addEventListener(t,n,!1):e.attachEvent?e.attachEvent("on"+t,n):e["on"+t]=n()},__ez.evt.remove=function(e,t,n){e.removeEventListener?e.removeEventListener(t,n,!1):e.detachEvent?e.detachEvent("on"+t,n):delete e["on"+t]};__ez.ck.get=function(e,n){null!==n&&(e=e+"_"+n);for(var o=e+"=",t=decodeURIComponent(document.cookie).split(";"),i=0;i<t.length;i++){for(var c=t[i];" "===c.charAt(0);)c=c.substring(1);if(0===c.indexOf(o))return c.substring(o.length,c.length)}return""},__ez.ck.setByCat=function(e,n){if(-1===e.indexOf("path=")&&(e+="; path=/"),"undefined"!=typeof cmpIsOn){if(null!=n){var o=__ez.ck.get("ezCMPCookieConsent",null);-1!==(o=o.substring(1,o.length)).indexOf(n+"=1")?document.cookie=e:""===o&&"undefined"!=typeof cmpCookies&&(void 0===cmpCookies[n]&&(cmpCookies[n]=[]),cmpCookies[n].push(e))}}else document.cookie=e};__ez.queue=function(){var e=0,i=0,n=[],t=!1,r=[],o=[],s=!0,a={func:function(e,i,t,r,o,s,a){var l=this;this.name=e,this.funcName=i,this.parameters=null===t?null:t instanceof Array?t:[t],this.isBlock=r,this.blockedBy=o,this.deleteWhenComplete=s,this.isError=!1,this.isComplete=!1,this.isInitialized=!1,this.proceedIfError=a,this.isTimeDelay=!1,this.process=function(){d("... func = "+e),l.isInitialized=!0,l.isComplete=!0,d("... func.apply: "+e);var i=l.funcName.split("."),t=null;i.length>3||(t=3===i.length?window[i[0]][i[1]][i[2]]:2===i.length?window[i[0]][i[1]]:window[l.funcName]),null!=t&&t.apply(null,this.parameters),!0===l.deleteWhenComplete&&delete n[e],!0===l.isBlock&&(d("----- F'D: "+l.name),f())}},file:function(e,i,n,t,r,o,s){var a=this;this.name=e,this.path=i,this.async=r,this.defer=o,this.isBlock=n,this.blockedBy=t,this.isInitialized=!1,this.isError=!1,this.isComplete=!1,this.proceedIfError=s,this.isTimeDelay=!1,this.process=function(){a.isInitialized=!0,d("... file = "+e);var n=document.createElement("script");n.src=i,!0===r?n.async=!0:!0===o&&(n.defer=!0),n.onerror=function(){d("----- ERR'D: "+a.name),a.isError=!0,!0===a.isBlock&&f()},n.onreadystatechange=n.onload=function(){var e=n.readyState;d("----- F'D: "+a.name),e&&!/loaded|complete/.test(e)||(a.isComplete=!0,!0===a.isBlock&&f())},document.getElementsByTagName("head")[0].appendChild(n)}}};function l(e){!0!==c(e)&&0!=s&&e.process()}function c(e){if(!0===e.isTimeDelay&&!1===t)return d(e.name+" blocked = TIME DELAY!"),!0;if(e.blockedBy instanceof Array)for(var i=0;i<e.blockedBy.length;i++){var r=e.blockedBy[i];if(!1===n.hasOwnProperty(r))return d(e.name+" blocked = "+r),!0;if(!0===e.proceedIfError&&!0===n[r].isError)return!1;if(!1===n[r].isComplete)return d(e.name+" blocked = "+r),!0}return!1}function d(e){var i=window.location.href,n=new RegExp("[?&]ezq=([^&#]*)","i").exec(i);"1"===(n?n[1]:null)&&console.debug(e)}function f(){++e>200||(d("let's go"),u(r),u(o))}function u(e){for(var i in e)if(!1!==e.hasOwnProperty(i)){var n=e[i];!0===n.isComplete||c(n)||!0===n.isInitialized||!0===n.isError?!0===n.isError?d(n.name+": error"):!0===n.isComplete?d(n.name+": complete already"):!0===n.isInitialized&&d(n.name+": initialized already"):n.process()}}return window.addEventListener("load",function(){setTimeout(function(){t=!0,d("TDELAY -----"),f()},5e3)},!1),{addFile:function(e,i,t,s,c,d,f,u){var h=new a.file(e,i,t,s,c,d,f);!0===u?r[e]=h:o[e]=h,n[e]=h,l(h)},addDelayFile:function(e,i){var t=new a.file(e,i,!1,[],!1,!1,!0);t.isTimeDelay=!0,d(e+" ...  FILE! TDELAY"),o[e]=t,n[e]=t,l(t)},addFunc:function(e,t,s,c,d,f,u,h,m){!0===f&&(e=e+"_"+i++);var p=new a.func(e,t,s,c,d,u,h);!0===m?r[e]=p:o[e]=p,n[e]=p,l(p)},addDelayFunc:function(e,i,t){var r=new a.func(e,i,t,!1,[],!0,!0);r.isTimeDelay=!0,d(e+" ...  FUNCTION! TDELAY"),o[e]=r,n[e]=r,l(r)},items:n,processAll:f,setallowLoad:function(e){s=e}}}();__ez.script.add=function(e){var t=document.createElement("script");t.src=e,t.async=!0,t.type="text/javascript",document.getElementsByTagName("head")[0].appendChild(t)};__ez.dot={};var __ezDotData=function(e,t){"string"!=typeof e&&2==e.length&&(t=e[1],e=e[0]),this.name=e,this.val=t};__ez.dot.b64={_keyStr:"ABCDEFGHIJKLMNOPQRSTUVWXYZabcdefghijklmnopqrstuvwxyz0123456789+/=",encode:function(e){var t,r,n,o,i,d,a,_="",f=0;for(e=Base64._utf8_encode(e);f<e.length;)o=(t=e.charCodeAt(f++))>>2,i=(3&t)<<4|(r=e.charCodeAt(f++))>>4,d=(15&r)<<2|(n=e.charCodeAt(f++))>>6,a=63&n,isNaN(r)?d=a=64:isNaN(n)&&(a=64),_=_+this._keyStr.charAt(o)+this._keyStr.charAt(i)+this._keyStr.charAt(d)+this._keyStr.charAt(a);return _},decode:function(e){var t,r,n,o,i,d,a="",_=0;for(e=e.replace(/[^A-Za-z0-9+/=]/g,"");_<e.length;)t=this._keyStr.indexOf(e.charAt(_++))<<2|(o=this._keyStr.indexOf(e.charAt(_++)))>>4,r=(15&o)<<4|(i=this._keyStr.indexOf(e.charAt(_++)))>>2,n=(3&i)<<6|(d=this._keyStr.indexOf(e.charAt(_++))),a+=String.fromCharCode(t),64!=i&&(a+=String.fromCharCode(r)),64!=d&&(a+=String.fromCharCode(n));return a=Base64._utf8_decode(a)},_utf8_encode:function(e){e=e.replace(/rn/g,"n");for(var t="",r=0;r<e.length;r++){var n=e.charCodeAt(r);n<128?t+=String.fromCharCode(n):(127<n&&n<2048?t+=String.fromCharCode(n>>6|192):(t+=String.fromCharCode(n>>12|224),t+=String.fromCharCode(n>>6&63|128)),t+=String.fromCharCode(63&n|128))}return t},_utf8_decode:function(e){for(var t="",r=0,n=c1=c2=0;r<e.length;)(n=e.charCodeAt(r))<128?(t+=String.fromCharCode(n),r++):191<n&&n<224?(c2=e.charCodeAt(r+1),t+=String.fromCharCode((31&n)<<6|63&c2),r+=2):(c2=e.charCodeAt(r+1),c3=e.charCodeAt(r+2),t+=String.fromCharCode((15&n)<<12|(63&c2)<<6|63&c3),r+=3);return t}},__ez.dot.dataToStr=function(e){if(void 0===e)return[];try{for(var t in e)e[t].val=e[t].val+""}catch(e){}return e},__ez.dot.getCC=function(){var e="XX";return"undefined"!=typeof _ezaq&&_ezaq.hasOwnProperty("country")&&(e=_ezaq.country),e},__ez.dot.getDID=function(){var e="0";return"undefined"!=typeof _ezaq&&_ezaq.hasOwnProperty("domain_id")&&(e=_ezaq.domain_id.toString()),e},__ez.dot.getEpoch=function(e){return"undefined"!=typeof _ezaq&&_ezaq.hasOwnProperty("t_epoch")&&(e=_ezaq.t_epoch),e},__ez.dot.getPageviewId=function(){var e="";return"undefined"!=typeof _ezaq&&_ezaq.hasOwnProperty("page_view_id")&&(e=_ezaq.page_view_id),e},__ez.dot.getURL=function(e){return("undefined"!=typeof ezJsu&&1==ezJsu||"undefined"!=typeof _ez_sa&&1==_ez_sa||"undefined"!=typeof isAmp&&!0===isAmp||"undefined"!=typeof ezWp&&!0===ezWp)&&(e="//g.ezoic.net"+e),e},__ez.dot.isValid=function(e){for(var t=0;t<e.length;t++)if(e[t]instanceof __ezDotData==!1)return console.error("Invalid data. ",e[t]),!1;return!0},__ez.dot.isDefined=function(){for(var e=0;e<arguments.length;e++)if(null==arguments[e])return console.error("Argument not defined. ",arguments),!1;return!0},__ez.dot.isAnyDefined=function(){for(var e=!1,t=0;t<arguments.length;t++)null!=arguments[t]&&(e=!0);return 0==e&&console.error("isAnyDefined Arguments not defined. ",arguments),e},__ez.dot.getSlotIID=function(e){var t="0";try{var r=__ez.dot.getTargetingMap(e);if(-1===__ez.dot.getElementId(e).indexOf("div-gpt-ad"))return t;if(void 0!==r)for(var n in r)if(-1!==n.indexOf("iid")&&void 0!==r[n][0]){t=r[n][0];break}}catch(e){}return t},__ez.dot.getElementId=function(e){return void 0!==e.ElementId?e.ElementId:e.getSlotElementId()},__ez.dot.getAdUnitPath=function(e){return void 0!==e.AdUnitPath?e.AdUnitPath:e.getAdUnitPath()},__ez.dot.getSizes=function(e){return void 0!==e.Sizes?e.Sizes:e.getSizes()},__ez.dot.getTargeting=function(e,t){return void 0!==e.Targeting?e.Targeting[t]:e.getTargeting(t)[0]},__ez.dot.getTargetingMap=function(e){return void 0!==e.Targeting?e.Targeting:e.getTargetingMap()},__ez.dot.getAdUnit=function(e){return!0===__ez.template.isOrig?__ez.dot.getAdUnitPath(e).split("/").pop()+"|~ez~|"+__ez.dot.getElementId(e):__ez.dot.getElementId(e)};__ez.bit=function(){function c(a,b){d(a,b),e()}function d(b,c){__ez.dot.isDefined(b)&&__ez.dot.isValid(c)&&a.push({type:"pageview",pageview_id:b,domain_id:__ez.dot.getDID(),t_epoch:__ez.dot.getEpoch(0),data:__ez.dot.dataToStr(c)})}function e(){void 0!==document.visibilityState&&"prerender"===document.visibilityState||(__ez.dot.isDefined(a)&&a.length>0&&((new Image).src=__ez.dot.getURL(b)+"?orig="+(!0===__ez.template.isOrig?1:0)+"&ds="+btoa(JSON.stringify(a))),a=[])}var a=[],b="/detroitchicago/greenoaks.gif";return{Add:d,AddAndFire:c,Fire:e}}();</script><script data-ezscrex='false' data-cfasync='false' data-pagespeed-no-defer>__ez.pel=function(){var u=[],i="/porpoiseant/army.gif";function t(e,i,t,_,d,o,n){if(__ez.dot.isDefined(e)&&0!=__ez.dot.isAnyDefined(e.getSlotElementId,e.ElementId)){var r=parseInt(__ez.dot.getTargeting(e,"ap")),a=__ez.dot.getSlotIID(e),s=__ez.dot.getAdUnit(e),p=parseInt(__ez.dot.getTargeting(e,"compid")),z=0,f=0,g=function(e){if("undefined"==typeof _ezim_d)return!1;var i=__ez.dot.getAdUnitPath(e).split("/").pop();if("object"==typeof _ezim_d&&_ezim_d.hasOwnProperty(i))return _ezim_d[i];for(var t in _ezim_d)if(t.split("/").pop()===i)return _ezim_d[t];return!1}(e);"object"==typeof g&&(void 0!==g.creative_id&&(f=g.creative_id),void 0!==g.line_item_id&&(z=g.line_item_id)),__ez.dot.isDefined(a,s)&&__ez.dot.isValid(i)&&u.push({type:"impression",impression_id:a,domain_id:__ez.dot.getDID(),unit:s,t_epoch:__ez.dot.getEpoch(0),revenue:t,est_revenue:_,ad_position:r,ad_size:"",bid_floor_filled:d,bid_floor_prev:o,stat_source_id:n,country_code:__ez.dot.getCC(),pageview_id:__ez.dot.getPageviewId(),comp_id:p,line_item_id:z,creative_id:f,data:__ez.dot.dataToStr(i)})}}function _(){if(void 0===document.visibilityState||"prerender"!==document.visibilityState){if(__ez.dot.isDefined(u)&&0<u.length){var e=__ez.dot.getURL(i)+"?orig="+(!0===__ez.template.isOrig?1:0)+"&sts="+btoa(JSON.stringify(u));void 0!==window.isAmp&&isAmp&&void 0!==window._ezaq&&_ezaq.hasOwnProperty("domain_id")&&(e+="&visit_uuid="+_ezaq.visit_uuid),(new Image).src=e}u=[]}}return{Add:t,AddAndFire:function(e,i){t(e,i,0,0,0,0,0),_()},AddById:function(e,i){var t=e.split("/");if(__ez.dot.isDefined(e)&&3===t.length&&__ez.dot.isValid(i)){var _=t[0],d=t[2];u.push({type:"impression",impression_id:d,domain_id:__ez.dot.getDID(),unit:_,t_epoch:__ez.dot.getEpoch(0),pageview_id:__ez.dot.getPageviewId(),data:__ez.dot.dataToStr(i)})}},Fire:_,GetPixels:function(){return u}}}();var EzoicPixel=function(){this.pixels=[],this.pixelUrl="/ezoic/e.gif",("undefined"!=typeof ezJsu&&!0===ezJsu||"undefined"!=typeof _ez_sa&&!0===_ez_sa||void 0!==window.isAmp&&!0===isAmp||"undefined"!=typeof ezWp&&!0===ezWp)&&(this.pixelUrl="//g.ezoic.net"+this.pixelUrl),this.tEpoch=0,"undefined"!=typeof _ezaq&&_ezaq.hasOwnProperty("t_epoch")&&(this.tEpoch=_ezaq.t_epoch)},EzoicPixelData=function(e,i){this.name=e,this.val=i};EzoicPixel.prototype={constructor:EzoicPixel,AddAndFireImpPixel:function(e,i){this.AddImpPixel(e,i,0,0,0,0,0),this.FirePixels()},AddAndFirePVPixel:function(e,i){this.AddPVPixel(e,i),this.FirePixels()},AddImpPixel:function(e,i,t,n,o,a,d){if(0!=__ez.dot.isDefined(e)&&0!=__ez.dot.isAnyDefined(e.getSlotElementId,e.ElementId)){var s=parseInt(__ez.dot.getTargeting(e,"ap")),r=__ez.dot.getSizes(e)[0],_=r.l.toString()+"x"+r.j.toString(),p="0",l="XX";"undefined"!=typeof _ezaq&&_ezaq.hasOwnProperty("domain_id")&&(p=_ezaq.domain_id.toString()),"undefined"!=typeof _ezaq&&_ezaq.hasOwnProperty("country")&&(l=_ezaq.country);var h=__ez.dot.getSlotIID(e),c=__ez.dot.getSlotElementId(e);__ez.dot.isDefined(h,c)&&this.validateData(i)&&(i=this.convertDataToStr(i),this.pixels.push({type:"impression",impression_id:h,domain_id:p,unit:c,t_epoch:this.tEpoch,revenue:t,est_revenue:n,ad_position:s,ad_size:_,bid_floor_filled:o,bid_floor_prev:a,stat_source_id:d,country_code:l,data:i}))}},AddImpPixelById:function(e,i){var t="0";"undefined"!=typeof _ezaq&&_ezaq.hasOwnProperty("domain_id")&&(t=_ezaq.domain_id.toString());var n=e.split("/");if(__ez.dot.isDefined(e)&&3===n.length&&this.validateData(i)){var o=n[0],a=n[2];i=this.convertDataToStr(i),this.pixels.push({type:"impression",impression_id:a,domain_id:t,unit:o,t_epoch:this.tEpoch,data:i})}},AddPVPixel:function(e,i){var t="0";"undefined"!=typeof _ezaq&&_ezaq.hasOwnProperty("domain_id")&&(t=_ezaq.domain_id.toString()),__ez.dot.isDefined(e)&&this.validateData(i)&&(i=this.convertDataToStr(i),this.pixels.push({type:"pageview",pageview_id:e,domain_id:t,t_epoch:this.tEpoch,data:i}))},FirePixels:function(){void 0!==document.visibilityState&&"prerender"===document.visibilityState||(__ez.dot.isDefined(this.pixels)&&0<this.pixels.length&&((new Image).src=this.pixelUrl+"?orig="+(!0===__ez.template.isOrig?1:0)+"&pixels="+encodeURIComponent(JSON.stringify(this.pixels))),this.pixels=[])},NewData:function(e,i){return new EzoicPixelData(e,i)},convertDataToStr:function(e){if(void 0===e)return[];try{for(var i in e)e[i].val=e[i].val+""}catch(e){}return e},validateData:function(e){for(var i=0;i<e.length;i++)if(e[i]instanceof EzoicPixelData==!1)return console.error("Invalid pixelData. ",e[i]),!1;return!0}};</script>
<script data-ezscrex="false" data-cfasync="false">(function(){if("function"===typeof window.CustomEvent)return!1;window.CustomEvent=function(c,a){a=a||{bubbles:!1,cancelable:!1,detail:null};var b=document.createEvent("CustomEvent");b.initCustomEvent(c,a.bubbles,a.cancelable,a.detail);return b}})();</script><script data-ezscrex="false" data-cfasync="false">window.requestIdleCallback=window.requestIdleCallback||function(b){var a=Date.now();return setTimeout(function(){b({didTimeout:!1,timeRemaining:function(){return Math.max(0,50-(Date.now()-a))}})},1)};
	(function(){function b(a,b){for(var c=[],f=0;f<a;f++){for(var d=f*b*Math.random(),l=!0,k=2;k<=Math.sqrt(d);++k)if(0===d%k){l=!1;break}l&&c.push(d)}return c}function a(){var a=this;a.age=0;setInterval(function(){a.age++},1E3)}if("1"==window.ihajsdjhsadhjk){var d=new a;b(6,d);window.ihajsdjhsadhjk=null;window.doezifk="1"}"1"==window.doezifk&&(b(50,1E9),pointlessComputationsButton.disabled=!1,window.doezifk=null,window.ihajsdjhsadhjk="1");if("function"===typeof window.EzoIvent)return!1;window.EzoIvent=
	function(a,b){b=b||{bubbles:!1,cancelable:!1,detail:null};var c=document.createEvent("EzoIvent");c.initCustomEvent(a,b.bubbles,b.cancelable,b.detail);return c}})();__ez.nap=[];__ez.nap[0]=0;__ez.nap[1]=45;__ez.nap[2]=[];__ez.nap[3]=0;__ez.nap[4]=1;__ez.nap[5]=[];
	var ezocfol=function(b){b=_findNetworkQuietPeriods(__ez.nap[2],window.ezodomstart,b);b=_findOverlappingQuietPeriods(b,__ez.nap[5]);if("undefined"!=typeof b){var a=0,d=Math.max(b[b.length-1].cpuQuietPeriod.end,b[b.length-1].cpuQuietPeriod.end);b.forEach(function(b){a+=Math.floor(b.quietPeriodLength/55)});(a>=__ez.sswp&&1<a||10<=a||d<Date.now()-5E3)&&clearInterval(window.ezoIint);__ez.nap[0]=a;window.dispatchEvent(new CustomEvent("EzoIvent",{detail:[__ez.nap[0],50]}))}};
	_findOverlappingQuietPeriods=function(b,a){var d=a.slice(),c=b.slice();d.shift();c.shift();var f=[];d.forEach(function(e){c.forEach(function(c){e.start>=c.start?c.end>=e.start+55&&f.push({cpuQuietPeriod:e,networkQuietPeriod:c,cpuQuietPeriods:a,networkQuietPeriods:b,quietPeriodLength:Math.min(e.duration,c.duration)}):e.end>=c.start+55&&f.push({cpuQuietPeriod:e,networkQuietPeriod:c,cpuQuietPeriods:a,networkQuietPeriods:b,quietPeriodLength:Math.min(e.duration,c.duration)})})});if(0<f.length)return f};
	var netStartTime=0;_findNetworkQuietPeriods=function(b,a,d){0==netStartTime&&(netStartTime=a-1);a=[];for(var c in b){var f=b[c];0>f.end&&(f.end=99);a.push({time:f.start,isStart:!0});0<f.end&&a.push({time:f.end,isStart:!1})}a.sort(function(a,b){return a.time-b.time});var e=0,g=netStartTime,h=[];a.forEach(function(a){a.isStart?(e===__ez.nap[4]&&h.push({start:g,end:a.time,duration:a.time-g}),e++):(e--,e===__ez.nap[4]&&(g=a.time))});e<=__ez.nap[4]&&h.push({start:g,end:d,duration:d-g});return h};
	function hashCode(b){for(var a,d=0;d<b.length;d++)a=Math.imul(31,a)+b.charCodeAt(d)|0;return a}
	var ezogetrqbykey=function(b){for(var a=0,d=__ez.nap[2].length;a<d;a++)if(__ez.nap[2][a].id==b)return a},ezorqs=function(b,a){indexKey=window.ezogetrqbykey(a);"undefined"==typeof indexKey&&(__ez.nap[2].push({start:Date.now(),end:-1,id:a}),__ez.nap[3]++,setTimeout(function(){window.ezorqe(b,a)},2E3))},ezorqe=function(b,a,d){indexKey=window.ezogetrqbykey(a);"undefined"!=typeof indexKey&&-1==__ez.nap[2][indexKey].end?(__ez.nap[2][indexKey].end=Date.now(),__ez.nap[3]--):1==d&&__ez.nap[3]--};
	(function(){if("undefined"!=typeof window.__ez.ssaf&&-1<window.__ez.ssaf.indexOf(19)){var b=window.setInterval;window.setInterval=function(a,d){var c=d;90>c&&56!=c&&(c=90);if(3>arguments.length)return b(a,c);var f=Array.prototype.slice.call(arguments).slice(2);return b(a.bind(window,f),c)}}})();
	(function(){if("undefined"!=typeof window.__ez.ssaf&&-1<window.__ez.ssaf.indexOf(19)){var b=window.setTimeout;window.setTimeout=function(a,d){var c=d;90>c&&(c=90);if(3>arguments.length)return b(a,c);var f=this,e=Array.prototype.slice.call(arguments,2);return b(a instanceof Function?function(){a.apply(f,e)}:a,c)}}})();
	(function(){var b=window.XMLHttpRequest,a=function(){var a=new b;"undefined"!=typeof this.open?a.open=this.open:this.open=b.open;"undefined"!=typeof this.abort?a.abort=this.abort:this.open=b.open;"undefined"!=typeof this.getAllResponseHeaders?a.getAllResponseHeaders=this.getAllResponseHeaders:this.getAllResponseHeaders=b.getAllResponseHeaders;"undefined"!=typeof this.getResponseHeader?a.getResponseHeader=this.getResponseHeader:this.getResponseHeader=b.getResponseHeader;"undefined"!=typeof this.overrideMimeType?
	a.overrideMimeType=this.overrideMimeType:this.overrideMimeType=b.overrideMimeType;"undefined"!=typeof this.setRequestHeader?a.setRequestHeader=this.setRequestHeader:this.setRequestHeader=b.setRequestHeader;var d=Math.random();a.addEventListener("loadstart",function(a){window.ezorqs(a,d)});a.addEventListener("loadend",function(a){window.ezorqe(a,d)});a.addEventListener("error",function(a){window.ezorqe(a,d)});a.addEventListener("abort",function(a){window.ezorqe(a,d)});return a};a.prototype=b.prototype;
	for(var d in b)a[d]=b[d];window.XMLHttpRequest=a})();window.ezoFetchConst=window.fetch;window.fetch=function(b){var a=arguments,d=this,c=Math.random();window.ezorqs(b,c);return new Promise(function(b,e){window.ezoFetchConst.apply(d,a).then(function(a){window.ezorqe(a,c);b(a)})["catch"](function(a){window.ezorqe(a,c);e(a)})})};var _fEzDt=function(){return Date.now()};
	document.addEventListener("DOMContentLoaded",function(){window.ezodomstart=Date.now();if("requestIdleCallback"in window){var b=0;window.ezoIint=setInterval(function(){window.requestIdleCallback(function(a){var d=Date.now();a=a.timeRemaining();var c=_fEzDt();a<c&&(a>__ez.nap[1]?0==b&&(b=d):0!=b&&(a={start:b,end:d-(50-a)},a.duration=a.end-a.start,55<=a.duration&&(__ez.nap[5].push(a),window.ezocfol(d)),b=0))})},56)}else window.dispatchEvent(new CustomEvent("EzoIvent",{detail:[-1,-1]})),clearInterval(window.ezoIint)});
	"undefined"!=typeof window.__ez.ssaf&&-1<window.__ez.ssaf.indexOf(16)&&(window.addEventListener("load",function(){window.__ez__w_load=!0}),window.addEventListener("DOMContentLoaded",function(){window.__ez__w_dom=!0}),"undefined"!==typeof window.__ez.sshsdef&&!1===window.__ez.sshsdef&&function(){if(Element.prototype.addEventListener){window.__ez__ael=window.addEventListener;window.__ez__ael__proto=window.__ez__ael.prototype;var b=function(){"domcontentloaded"==arguments[0].toLowerCase()?arguments[0]=
	"EzoicDOMContentLoaded":"load"==arguments[0].toLowerCase()&&(arguments[0]="Ezoicload");window.__ez__ael.apply(window,arguments)};window.__ez__ael.prototype=window.__ez__ael__proto;window.addEventListener=b;document.addEventListener=b}}());window.ezorqs=ezorqs;window.ezorqe=ezorqe;window.ezocfol=ezocfol;window.ezogetrqbykey=ezogetrqbykey;__ez.nap=__ez.nap;</script>
        <title>Page Not Found</title>
        <style>
            body{
                margin:0;
                padding:30px;
                font:12px/1.5 Helvetica,Arial,Verdana,sans-serif;
            }
            h1{
                margin:0;
                font-size:48px;
                font-weight:normal;
                line-height:48px;
            }
            strong{
                display:inline-block;
                width:65px;
            }
        </style>
    
<script data-ezscrex="false" data-cfasync="false" type="text/javascript">window.google_analytics_uacct = "UA-131129777-14";</script>
<script data-ezscrex="false" data-cfasync="false" type="text/javascript">
var _gaq = _gaq || [];
_gaq.push(['e._setAccount', 'UA-131129777-14']);
_gaq.push(['f._setAccount', 'UA-38339005-1']);
_gaq.push(['e._setDomainName', 'restapiexample.com']);
_gaq.push(['f._setDomainName', 'restapiexample.com']);
_gaq.push(['e._setCustomVar',1,'template','pub_site_noads',3]);
_gaq.push(['e._setCustomVar',2,'t','147',3]);
_gaq.push(['e._setCustomVar',3,'rid','0',2]);
_gaq.push(['e._setCustomVar',4,'bra','mod54-c',3]);
_gaq.push(['e._setAllowAnchor',true]);
_gaq.push(['e._setSiteSpeedSampleRate', 10]);
_gaq.push(['f._setCustomVar',1,'template','pub_site_noads',3]);
_gaq.push(['f._setCustomVar',2,'domain','restapiexample.com',3]);
_gaq.push(['f._setSiteSpeedSampleRate', 20]);
_gaq.push(['e._trackPageview']);
_gaq.push(['f._trackPageview']);


(function() {
 var ga = document.createElement('script'); ga.type = 'text/javascript'; ga.async = true;
 ga.src = ('https:' == document.location.protocol ? 'https://ssl' : 'http://www') + '.google-analytics.com/ga.js';
 var s = document.getElementsByTagName('script')[0]; s.parentNode.insertBefore(ga, s);
})();
</script>
<script type="text/javascript">var ezouid = "1";</script><base href="http://dummy.restapiexample.com/api/v1/employee"><script type='text/javascript'>
var ezoTemplate = 'pub_site_noads';
if(typeof ezouid == 'undefined')
{
    var ezouid = 'none';
}
var ezoFormfactor = '1';
var ezo_elements_to_check = Array();
</script><!-- START EZHEAD -->
<script data-ezscrex="false" type='text/javascript'>
var soc_app_id = '0';
var did = 133674;
var ezdomain = 'restapiexample.com';
var ezoicSearchable = 1;
</script>
<!--{jquery}-->
<!-- END EZHEAD -->
<script data-ezscrex='false' data-pagespeed-no-defer data-cfasync='false' type='text/javascript' style='display:none'>
__ez.queue.addFile('__ezf_ezosuigeneris', '//g.ezoic.net/ezosuigeneris.js', true, [], true, false, false, false);
var __ez_ezosuigenerisEvt = function() { if(typeof(ezosuigeneris) != 'undefined'){__ez.bit.AddAndFire(_ezaq['page_view_id'], [(new __ezDotData('universal_user_id', ezosuigeneris))]); }};
__ez.queue.addFunc('__ez_ezosuigenerisEvt', '__ez_ezosuigenerisEvt', null, false, ['__ezf_ezosuigeneris'], false, false, false, false);</script><script data-ezscrex='false' data-pagespeed-no-defer data-cfasync='false' type='text/javascript' style='display:none'>__ez.queue.addFile('__ezf_ezosuigenerisc', '//g.ezoic.net/ezosuigenerisc.js?nogen=1', true, [], true, false, false, false);</script>
<script data-ezscrex='false' data-pagespeed-no-defer data-cfasync='false'>
function create_ezolpl() {
    var d = new Date();
    d.setTime(d.getTime() + (365*24*60*60*1000));
    var expires = "expires="+d.toUTCString();
    __ez.ck.setByCat("ezux_lpl_133674=" + new Date().getTime() + "|f9be8e27-46ed-469a-4572-209f57d514cb|false; " + expires, 3);
}
function attach_ezolpl() {
    if(window.attachEvent) {
        window.attachEvent('onload', create_ezolpl);
    } else {
        if(window.onload) {
            var curronload = window.onload;
            var newonload = function(evt) {
                curronload(evt);
                create_ezolpl();
            };
            window.onload = newonload;
        } else {
            window.onload = create_ezolpl;
        }
    }
}
attach_ezolpl();
</script></head>
    <body>
        <h1>Page Not Found</h1>
        <p>
            The page you are looking for could not be found. Check the address bar
            to ensure your URL is spelled correctly. If all else fails, you can
            visit our home page at the link below.
        </p>
        <a href='http://dummy.restapiexample.com/'>Visit the Home Page</a>
    <script type="text/javascript" style='display:none;'>
var __ez_dims = (function() {
	var setCookie = function( name, content, expiry ) {
		return document.cookie = name+'='+content+((expiry)?';expires='+(new Date(Math.floor(new Date().getTime()+expiry*1000)).toUTCString()):'')+';path=/';
	};
	var ffid = 1;
	var oh = window.screen.height;
	var ow = window.screen.width;
	var h = ffid === 1 ? oh : (oh > ow) ? oh : ow;
	var w = ffid === 1 ? ow : (oh > ow) ? ow : oh;
	var uh = window.innerHeight || document.documentElement.clientHeight || document.getElementsByTagName('body')[0].clientHeight;
	var uw = window.innerWidth || document.documentElement.clientWidth || document.getElementsByTagName('body')[0].clientWidth;
	setCookie('ezds', encodeURIComponent('ffid='+ffid+',w='+w+',h='+h), (31536e3*7));
	setCookie('ezohw', encodeURIComponent('w='+uw+',h='+uh), (31536e3*7));
})();
</script><script type='text/javascript' style='display:none;' async>
__ez.queue.addFile('edmonton.php', '/detroitchicago/edmonton.webp?a=a&cb=188-3&shcb=32', true, [], true, false, false, false);
__ez.queue.addFile('jellyfish.php', '/porpoiseant/jellyfish.webp?a=a&cb=188-3&shcb=32', false, [], true, false, false, false);
</script>

<script type='text/javascript' data-cfasync='false'></script></body>
</html>
2020-05-08 10:30:00 INFO  EmployeesRestAPI:48 - Checking checkResponseTime 
2020-05-08 10:30:00 INFO  EmployeesRestAPI:51 - checkResponseTime : 1910
2020-05-08 10:30:00 INFO  EmployeesRestAPI:81 - Checking checkServerType 
2020-05-08 10:30:00 INFO  EmployeesRestAPI:84 - checkServerType : nginx/1.16.0
2020-05-08 10:30:00 INFO  EmployeesRestAPI:38 - Checking checkStatusCode 
2020-05-08 10:30:00 INFO  EmployeesRestAPI:41 - checkStatusCode : 404
2020-05-08 10:30:00 INFO  EmployeesRestAPI:61 - Checking checkStatusLine 
2020-05-08 10:30:00 INFO  EmployeesRestAPI:64 - checkStatusLine : HTTP/1.1 404 Not Found
2020-05-08 10:30:00 INFO  EmployeesRestAPI:123 - All testcases done
2020-05-08 10:30:16 INFO  EmployeesRestAPI:16 - Started test case 2
2020-05-08 10:30:21 INFO  EmployeesRestAPI:44 - Test case done 
2020-05-08 10:30:43 INFO  EmployeesRestAPI:16 - Started test case 2
2020-05-08 10:30:48 INFO  EmployeesRestAPI:26 - {"status":"failed","message":"Oops! someting issue found to fetch record."}
2020-05-08 10:30:48 INFO  EmployeesRestAPI:45 - Test case done 
2020-05-08 10:34:11 INFO  EmployeesRestAPI:16 - Started test case 2
2020-05-08 10:34:17 INFO  EmployeesRestAPI:27 - {"status":"failed","message":"Oops! someting issue found to fetch record."}
2020-05-08 10:34:17 INFO  EmployeesRestAPI:46 - Test case done 
2020-05-08 10:35:14 INFO  EmployeesRestAPI:16 - Started test case 2
2020-05-08 10:35:19 INFO  EmployeesRestAPI:27 - {"status":"failed","message":"Oops! someting issue found to fetch record."}
2020-05-08 10:35:19 INFO  EmployeesRestAPI:46 - Test case done 
2020-05-08 10:36:05 INFO  EmployeesRestAPI:16 - Started test case 2
2020-05-08 10:36:12 INFO  EmployeesRestAPI:28 - {"status":"failed","message":"Oops! someting issue found to fetch record."}
2020-05-08 10:36:12 INFO  EmployeesRestAPI:47 - Test case done 
2020-05-08 11:09:15 INFO  EmployeesRestAPI:21 - TC003 started
2020-05-08 11:09:28 INFO  EmployeesRestAPI:41 - Response is {"status":"success","data":{"name":"Johng","salary":"92746","age":"71","id":100}}
2020-05-08 11:09:28 INFO  EmployeesRestAPI:55 - Test done
2020-05-08 21:26:58 INFO  EmployeesRestAPI:21 - TC004 started
2020-05-08 21:29:18 INFO  EmployeesRestAPI:21 - TC004 started
2020-05-08 21:29:56 INFO  EmployeesRestAPI:21 - TC003 started
2020-05-08 21:30:04 INFO  EmployeesRestAPI:41 - Response is {"status":"success","data":{"name":"Johnc","salary":"00007","age":"96","id":45}}
2020-05-08 21:30:04 INFO  EmployeesRestAPI:55 - Test done
2020-05-08 21:33:33 INFO  EmployeesRestAPI:21 - TC004 started
2020-05-08 21:54:51 INFO  EmployeesRestAPI:21 - TC004 started
2020-05-08 21:55:40 INFO  EmployeesRestAPI:26 - TC004 started
2020-05-08 21:58:00 INFO  EmployeesRestAPI:26 - TC003 started
2020-05-08 21:58:07 INFO  EmployeesRestAPI:47 - Response is {"status":"success","data":null}
2020-05-08 21:58:28 INFO  EmployeesRestAPI:26 - TC003 started
2020-05-08 21:58:35 INFO  EmployeesRestAPI:47 - Response is {"status":"success","data":null}
2020-05-08 22:11:21 INFO  EmployeesRestAPI:16 - TC003 started
2020-05-08 22:11:44 INFO  EmployeesRestAPI:33 - Response is <!DOCTYPE HTML PUBLIC "-//IETF//DTD HTML 2.0//EN">
<html><head><script data-ezscrex="false" type="text/javascript" data-cfasync="false">var _ezaq = {"ad_cache_level":0,"ad_count_adjustment":0,"ad_lazyload_version":0,"ad_location_ids":"","ad_transform_level":0,"adx_ad_count":0,"bidder_method":3,"bidder_version":5,"city":"Bengaluru","country":"IN","days_since_last_visit":-1,"display_ad_count":0,"domain_id":133674,"ds_adsize_opt_id":-1,"engaged_time_visit":0,"ezcache_level":1,"forensiq_score":-1,"form_factor_id":1,"framework_id":1,"has_bad_image":0,"has_bad_words":0,"iab_category":"","is_from_recommended_pages":false,"is_return_visitor":false,"is_sitespeed":0,"last_page_load":"","last_pageview_id":"","lt_cache_level":0,"max_ads":0,"metro_code":0,"optimization_version":4,"page_ad_positions":"","page_view_count":0,"page_view_id":"89aeaa84-e0a7-4bbd-6b70-dbc76717e49c","position_selection_id":0,"postal_code":"560002","pv_event_count":0,"response_time_orig":11835,"serverid":"13.235.75.79:13904","state":"KA","sub_page_ad_positions":"","t_epoch":1588956087,"template_id":0,"time_on_site_visit":0,"url":"http://dummy.restapiexample.com/api/v1/delete/null","user_id":0,"word_count":0,"worst_bad_word_level":0};var _ezim_d = null;var _ezat = {"domain_id":133674,"form_factor_id":1,"framework_id":1,"pageview_date":"2020-05-08","pageview_id":"89aeaa84-e0a7-4bbd-6b70-dbc76717e49c","template_id":0,"url":"http://dummy.restapiexample.com/api/v1/delete/null","visit_uuid":"24691d3d-1579-48ed-7c1e-a8a227863527"};</script><script data-ezscrex='false' data-pagespeed-no-defer data-cfasync='false' type="text/javascript">__ez.queue.addFile('banger.js', '/porpoiseant/banger.js?cb=188-3&bv=31&v=32&PageSpeed=off', true, [], true, false, false, true);</script>
<script data-ezscrex='false' data-cfasync='false' data-pagespeed-no-defer>var __ez=__ez||{};__ez.stms=Date.now();__ez.evt={};__ez.script={};__ez.ck={};__ez.template={};__ez.template.isOrig=false;__ez.evt.add=function(e,t,n){e.addEventListener?e.addEventListener(t,n,!1):e.attachEvent?e.attachEvent("on"+t,n):e["on"+t]=n()},__ez.evt.remove=function(e,t,n){e.removeEventListener?e.removeEventListener(t,n,!1):e.detachEvent?e.detachEvent("on"+t,n):delete e["on"+t]};__ez.ck.get=function(e,n){null!==n&&(e=e+"_"+n);for(var o=e+"=",t=decodeURIComponent(document.cookie).split(";"),i=0;i<t.length;i++){for(var c=t[i];" "===c.charAt(0);)c=c.substring(1);if(0===c.indexOf(o))return c.substring(o.length,c.length)}return""},__ez.ck.setByCat=function(e,n){if(-1===e.indexOf("path=")&&(e+="; path=/"),"undefined"!=typeof cmpIsOn){if(null!=n){var o=__ez.ck.get("ezCMPCookieConsent",null);-1!==(o=o.substring(1,o.length)).indexOf(n+"=1")?document.cookie=e:""===o&&"undefined"!=typeof cmpCookies&&(void 0===cmpCookies[n]&&(cmpCookies[n]=[]),cmpCookies[n].push(e))}}else document.cookie=e};__ez.queue=function(){var e=0,i=0,n=[],t=!1,r=[],o=[],s=!0,a={func:function(e,i,t,r,o,s,a){var l=this;this.name=e,this.funcName=i,this.parameters=null===t?null:t instanceof Array?t:[t],this.isBlock=r,this.blockedBy=o,this.deleteWhenComplete=s,this.isError=!1,this.isComplete=!1,this.isInitialized=!1,this.proceedIfError=a,this.isTimeDelay=!1,this.process=function(){d("... func = "+e),l.isInitialized=!0,l.isComplete=!0,d("... func.apply: "+e);var i=l.funcName.split("."),t=null;i.length>3||(t=3===i.length?window[i[0]][i[1]][i[2]]:2===i.length?window[i[0]][i[1]]:window[l.funcName]),null!=t&&t.apply(null,this.parameters),!0===l.deleteWhenComplete&&delete n[e],!0===l.isBlock&&(d("----- F'D: "+l.name),f())}},file:function(e,i,n,t,r,o,s){var a=this;this.name=e,this.path=i,this.async=r,this.defer=o,this.isBlock=n,this.blockedBy=t,this.isInitialized=!1,this.isError=!1,this.isComplete=!1,this.proceedIfError=s,this.isTimeDelay=!1,this.process=function(){a.isInitialized=!0,d("... file = "+e);var n=document.createElement("script");n.src=i,!0===r?n.async=!0:!0===o&&(n.defer=!0),n.onerror=function(){d("----- ERR'D: "+a.name),a.isError=!0,!0===a.isBlock&&f()},n.onreadystatechange=n.onload=function(){var e=n.readyState;d("----- F'D: "+a.name),e&&!/loaded|complete/.test(e)||(a.isComplete=!0,!0===a.isBlock&&f())},document.getElementsByTagName("head")[0].appendChild(n)}}};function l(e){!0!==c(e)&&0!=s&&e.process()}function c(e){if(!0===e.isTimeDelay&&!1===t)return d(e.name+" blocked = TIME DELAY!"),!0;if(e.blockedBy instanceof Array)for(var i=0;i<e.blockedBy.length;i++){var r=e.blockedBy[i];if(!1===n.hasOwnProperty(r))return d(e.name+" blocked = "+r),!0;if(!0===e.proceedIfError&&!0===n[r].isError)return!1;if(!1===n[r].isComplete)return d(e.name+" blocked = "+r),!0}return!1}function d(e){var i=window.location.href,n=new RegExp("[?&]ezq=([^&#]*)","i").exec(i);"1"===(n?n[1]:null)&&console.debug(e)}function f(){++e>200||(d("let's go"),u(r),u(o))}function u(e){for(var i in e)if(!1!==e.hasOwnProperty(i)){var n=e[i];!0===n.isComplete||c(n)||!0===n.isInitialized||!0===n.isError?!0===n.isError?d(n.name+": error"):!0===n.isComplete?d(n.name+": complete already"):!0===n.isInitialized&&d(n.name+": initialized already"):n.process()}}return window.addEventListener("load",function(){setTimeout(function(){t=!0,d("TDELAY -----"),f()},5e3)},!1),{addFile:function(e,i,t,s,c,d,f,u){var h=new a.file(e,i,t,s,c,d,f);!0===u?r[e]=h:o[e]=h,n[e]=h,l(h)},addDelayFile:function(e,i){var t=new a.file(e,i,!1,[],!1,!1,!0);t.isTimeDelay=!0,d(e+" ...  FILE! TDELAY"),o[e]=t,n[e]=t,l(t)},addFunc:function(e,t,s,c,d,f,u,h,m){!0===f&&(e=e+"_"+i++);var p=new a.func(e,t,s,c,d,u,h);!0===m?r[e]=p:o[e]=p,n[e]=p,l(p)},addDelayFunc:function(e,i,t){var r=new a.func(e,i,t,!1,[],!0,!0);r.isTimeDelay=!0,d(e+" ...  FUNCTION! TDELAY"),o[e]=r,n[e]=r,l(r)},items:n,processAll:f,setallowLoad:function(e){s=e}}}();__ez.script.add=function(e){var t=document.createElement("script");t.src=e,t.async=!0,t.type="text/javascript",document.getElementsByTagName("head")[0].appendChild(t)};__ez.dot={};var __ezDotData=function(e,t){"string"!=typeof e&&2==e.length&&(t=e[1],e=e[0]),this.name=e,this.val=t};__ez.dot.b64={_keyStr:"ABCDEFGHIJKLMNOPQRSTUVWXYZabcdefghijklmnopqrstuvwxyz0123456789+/=",encode:function(e){var t,r,n,o,i,d,a,_="",f=0;for(e=Base64._utf8_encode(e);f<e.length;)o=(t=e.charCodeAt(f++))>>2,i=(3&t)<<4|(r=e.charCodeAt(f++))>>4,d=(15&r)<<2|(n=e.charCodeAt(f++))>>6,a=63&n,isNaN(r)?d=a=64:isNaN(n)&&(a=64),_=_+this._keyStr.charAt(o)+this._keyStr.charAt(i)+this._keyStr.charAt(d)+this._keyStr.charAt(a);return _},decode:function(e){var t,r,n,o,i,d,a="",_=0;for(e=e.replace(/[^A-Za-z0-9+/=]/g,"");_<e.length;)t=this._keyStr.indexOf(e.charAt(_++))<<2|(o=this._keyStr.indexOf(e.charAt(_++)))>>4,r=(15&o)<<4|(i=this._keyStr.indexOf(e.charAt(_++)))>>2,n=(3&i)<<6|(d=this._keyStr.indexOf(e.charAt(_++))),a+=String.fromCharCode(t),64!=i&&(a+=String.fromCharCode(r)),64!=d&&(a+=String.fromCharCode(n));return a=Base64._utf8_decode(a)},_utf8_encode:function(e){e=e.replace(/rn/g,"n");for(var t="",r=0;r<e.length;r++){var n=e.charCodeAt(r);n<128?t+=String.fromCharCode(n):(127<n&&n<2048?t+=String.fromCharCode(n>>6|192):(t+=String.fromCharCode(n>>12|224),t+=String.fromCharCode(n>>6&63|128)),t+=String.fromCharCode(63&n|128))}return t},_utf8_decode:function(e){for(var t="",r=0,n=c1=c2=0;r<e.length;)(n=e.charCodeAt(r))<128?(t+=String.fromCharCode(n),r++):191<n&&n<224?(c2=e.charCodeAt(r+1),t+=String.fromCharCode((31&n)<<6|63&c2),r+=2):(c2=e.charCodeAt(r+1),c3=e.charCodeAt(r+2),t+=String.fromCharCode((15&n)<<12|(63&c2)<<6|63&c3),r+=3);return t}},__ez.dot.dataToStr=function(e){if(void 0===e)return[];try{for(var t in e)e[t].val=e[t].val+""}catch(e){}return e},__ez.dot.getCC=function(){var e="XX";return"undefined"!=typeof _ezaq&&_ezaq.hasOwnProperty("country")&&(e=_ezaq.country),e},__ez.dot.getDID=function(){var e="0";return"undefined"!=typeof _ezaq&&_ezaq.hasOwnProperty("domain_id")&&(e=_ezaq.domain_id.toString()),e},__ez.dot.getEpoch=function(e){return"undefined"!=typeof _ezaq&&_ezaq.hasOwnProperty("t_epoch")&&(e=_ezaq.t_epoch),e},__ez.dot.getPageviewId=function(){var e="";return"undefined"!=typeof _ezaq&&_ezaq.hasOwnProperty("page_view_id")&&(e=_ezaq.page_view_id),e},__ez.dot.getURL=function(e){return("undefined"!=typeof ezJsu&&1==ezJsu||"undefined"!=typeof _ez_sa&&1==_ez_sa||"undefined"!=typeof isAmp&&!0===isAmp||"undefined"!=typeof ezWp&&!0===ezWp)&&(e="//g.ezoic.net"+e),e},__ez.dot.isValid=function(e){for(var t=0;t<e.length;t++)if(e[t]instanceof __ezDotData==!1)return console.error("Invalid data. ",e[t]),!1;return!0},__ez.dot.isDefined=function(){for(var e=0;e<arguments.length;e++)if(null==arguments[e])return console.error("Argument not defined. ",arguments),!1;return!0},__ez.dot.isAnyDefined=function(){for(var e=!1,t=0;t<arguments.length;t++)null!=arguments[t]&&(e=!0);return 0==e&&console.error("isAnyDefined Arguments not defined. ",arguments),e},__ez.dot.getSlotIID=function(e){var t="0";try{var r=__ez.dot.getTargetingMap(e);if(-1===__ez.dot.getElementId(e).indexOf("div-gpt-ad"))return t;if(void 0!==r)for(var n in r)if(-1!==n.indexOf("iid")&&void 0!==r[n][0]){t=r[n][0];break}}catch(e){}return t},__ez.dot.getElementId=function(e){return void 0!==e.ElementId?e.ElementId:e.getSlotElementId()},__ez.dot.getAdUnitPath=function(e){return void 0!==e.AdUnitPath?e.AdUnitPath:e.getAdUnitPath()},__ez.dot.getSizes=function(e){return void 0!==e.Sizes?e.Sizes:e.getSizes()},__ez.dot.getTargeting=function(e,t){return void 0!==e.Targeting?e.Targeting[t]:e.getTargeting(t)[0]},__ez.dot.getTargetingMap=function(e){return void 0!==e.Targeting?e.Targeting:e.getTargetingMap()},__ez.dot.getAdUnit=function(e){return!0===__ez.template.isOrig?__ez.dot.getAdUnitPath(e).split("/").pop()+"|~ez~|"+__ez.dot.getElementId(e):__ez.dot.getElementId(e)};__ez.bit=function(){function c(a,b){d(a,b),e()}function d(b,c){__ez.dot.isDefined(b)&&__ez.dot.isValid(c)&&a.push({type:"pageview",pageview_id:b,domain_id:__ez.dot.getDID(),t_epoch:__ez.dot.getEpoch(0),data:__ez.dot.dataToStr(c)})}function e(){void 0!==document.visibilityState&&"prerender"===document.visibilityState||(__ez.dot.isDefined(a)&&a.length>0&&((new Image).src=__ez.dot.getURL(b)+"?orig="+(!0===__ez.template.isOrig?1:0)+"&ds="+btoa(JSON.stringify(a))),a=[])}var a=[],b="/detroitchicago/greenoaks.gif";return{Add:d,AddAndFire:c,Fire:e}}();</script><script data-ezscrex='false' data-cfasync='false' data-pagespeed-no-defer>__ez.pel=function(){var u=[],i="/porpoiseant/army.gif";function t(e,i,t,_,d,o,n){if(__ez.dot.isDefined(e)&&0!=__ez.dot.isAnyDefined(e.getSlotElementId,e.ElementId)){var r=parseInt(__ez.dot.getTargeting(e,"ap")),a=__ez.dot.getSlotIID(e),s=__ez.dot.getAdUnit(e),p=parseInt(__ez.dot.getTargeting(e,"compid")),z=0,f=0,g=function(e){if("undefined"==typeof _ezim_d)return!1;var i=__ez.dot.getAdUnitPath(e).split("/").pop();if("object"==typeof _ezim_d&&_ezim_d.hasOwnProperty(i))return _ezim_d[i];for(var t in _ezim_d)if(t.split("/").pop()===i)return _ezim_d[t];return!1}(e);"object"==typeof g&&(void 0!==g.creative_id&&(f=g.creative_id),void 0!==g.line_item_id&&(z=g.line_item_id)),__ez.dot.isDefined(a,s)&&__ez.dot.isValid(i)&&u.push({type:"impression",impression_id:a,domain_id:__ez.dot.getDID(),unit:s,t_epoch:__ez.dot.getEpoch(0),revenue:t,est_revenue:_,ad_position:r,ad_size:"",bid_floor_filled:d,bid_floor_prev:o,stat_source_id:n,country_code:__ez.dot.getCC(),pageview_id:__ez.dot.getPageviewId(),comp_id:p,line_item_id:z,creative_id:f,data:__ez.dot.dataToStr(i)})}}function _(){if(void 0===document.visibilityState||"prerender"!==document.visibilityState){if(__ez.dot.isDefined(u)&&0<u.length){var e=__ez.dot.getURL(i)+"?orig="+(!0===__ez.template.isOrig?1:0)+"&sts="+btoa(JSON.stringify(u));void 0!==window.isAmp&&isAmp&&void 0!==window._ezaq&&_ezaq.hasOwnProperty("domain_id")&&(e+="&visit_uuid="+_ezaq.visit_uuid),(new Image).src=e}u=[]}}return{Add:t,AddAndFire:function(e,i){t(e,i,0,0,0,0,0),_()},AddById:function(e,i){var t=e.split("/");if(__ez.dot.isDefined(e)&&3===t.length&&__ez.dot.isValid(i)){var _=t[0],d=t[2];u.push({type:"impression",impression_id:d,domain_id:__ez.dot.getDID(),unit:_,t_epoch:__ez.dot.getEpoch(0),pageview_id:__ez.dot.getPageviewId(),data:__ez.dot.dataToStr(i)})}},Fire:_,GetPixels:function(){return u}}}();var EzoicPixel=function(){this.pixels=[],this.pixelUrl="/ezoic/e.gif",("undefined"!=typeof ezJsu&&!0===ezJsu||"undefined"!=typeof _ez_sa&&!0===_ez_sa||void 0!==window.isAmp&&!0===isAmp||"undefined"!=typeof ezWp&&!0===ezWp)&&(this.pixelUrl="//g.ezoic.net"+this.pixelUrl),this.tEpoch=0,"undefined"!=typeof _ezaq&&_ezaq.hasOwnProperty("t_epoch")&&(this.tEpoch=_ezaq.t_epoch)},EzoicPixelData=function(e,i){this.name=e,this.val=i};EzoicPixel.prototype={constructor:EzoicPixel,AddAndFireImpPixel:function(e,i){this.AddImpPixel(e,i,0,0,0,0,0),this.FirePixels()},AddAndFirePVPixel:function(e,i){this.AddPVPixel(e,i),this.FirePixels()},AddImpPixel:function(e,i,t,n,o,a,d){if(0!=__ez.dot.isDefined(e)&&0!=__ez.dot.isAnyDefined(e.getSlotElementId,e.ElementId)){var s=parseInt(__ez.dot.getTargeting(e,"ap")),r=__ez.dot.getSizes(e)[0],_=r.l.toString()+"x"+r.j.toString(),p="0",l="XX";"undefined"!=typeof _ezaq&&_ezaq.hasOwnProperty("domain_id")&&(p=_ezaq.domain_id.toString()),"undefined"!=typeof _ezaq&&_ezaq.hasOwnProperty("country")&&(l=_ezaq.country);var h=__ez.dot.getSlotIID(e),c=__ez.dot.getSlotElementId(e);__ez.dot.isDefined(h,c)&&this.validateData(i)&&(i=this.convertDataToStr(i),this.pixels.push({type:"impression",impression_id:h,domain_id:p,unit:c,t_epoch:this.tEpoch,revenue:t,est_revenue:n,ad_position:s,ad_size:_,bid_floor_filled:o,bid_floor_prev:a,stat_source_id:d,country_code:l,data:i}))}},AddImpPixelById:function(e,i){var t="0";"undefined"!=typeof _ezaq&&_ezaq.hasOwnProperty("domain_id")&&(t=_ezaq.domain_id.toString());var n=e.split("/");if(__ez.dot.isDefined(e)&&3===n.length&&this.validateData(i)){var o=n[0],a=n[2];i=this.convertDataToStr(i),this.pixels.push({type:"impression",impression_id:a,domain_id:t,unit:o,t_epoch:this.tEpoch,data:i})}},AddPVPixel:function(e,i){var t="0";"undefined"!=typeof _ezaq&&_ezaq.hasOwnProperty("domain_id")&&(t=_ezaq.domain_id.toString()),__ez.dot.isDefined(e)&&this.validateData(i)&&(i=this.convertDataToStr(i),this.pixels.push({type:"pageview",pageview_id:e,domain_id:t,t_epoch:this.tEpoch,data:i}))},FirePixels:function(){void 0!==document.visibilityState&&"prerender"===document.visibilityState||(__ez.dot.isDefined(this.pixels)&&0<this.pixels.length&&((new Image).src=this.pixelUrl+"?orig="+(!0===__ez.template.isOrig?1:0)+"&pixels="+encodeURIComponent(JSON.stringify(this.pixels))),this.pixels=[])},NewData:function(e,i){return new EzoicPixelData(e,i)},convertDataToStr:function(e){if(void 0===e)return[];try{for(var i in e)e[i].val=e[i].val+""}catch(e){}return e},validateData:function(e){for(var i=0;i<e.length;i++)if(e[i]instanceof EzoicPixelData==!1)return console.error("Invalid pixelData. ",e[i]),!1;return!0}};</script>
<script data-ezscrex="false" data-cfasync="false">(function(){if("function"===typeof window.CustomEvent)return!1;window.CustomEvent=function(c,a){a=a||{bubbles:!1,cancelable:!1,detail:null};var b=document.createEvent("CustomEvent");b.initCustomEvent(c,a.bubbles,a.cancelable,a.detail);return b}})();</script><script data-ezscrex="false" data-cfasync="false">window.requestIdleCallback=window.requestIdleCallback||function(b){var a=Date.now();return setTimeout(function(){b({didTimeout:!1,timeRemaining:function(){return Math.max(0,50-(Date.now()-a))}})},1)};
	(function(){function b(a,b){for(var c=[],f=0;f<a;f++){for(var d=f*b*Math.random(),l=!0,k=2;k<=Math.sqrt(d);++k)if(0===d%k){l=!1;break}l&&c.push(d)}return c}function a(){var a=this;a.age=0;setInterval(function(){a.age++},1E3)}if("1"==window.ihajsdjhsadhjk){var d=new a;b(6,d);window.ihajsdjhsadhjk=null;window.doezifk="1"}"1"==window.doezifk&&(b(50,1E9),pointlessComputationsButton.disabled=!1,window.doezifk=null,window.ihajsdjhsadhjk="1");if("function"===typeof window.EzoIvent)return!1;window.EzoIvent=
	function(a,b){b=b||{bubbles:!1,cancelable:!1,detail:null};var c=document.createEvent("EzoIvent");c.initCustomEvent(a,b.bubbles,b.cancelable,b.detail);return c}})();__ez.nap=[];__ez.nap[0]=0;__ez.nap[1]=45;__ez.nap[2]=[];__ez.nap[3]=0;__ez.nap[4]=1;__ez.nap[5]=[];
	var ezocfol=function(b){b=_findNetworkQuietPeriods(__ez.nap[2],window.ezodomstart,b);b=_findOverlappingQuietPeriods(b,__ez.nap[5]);if("undefined"!=typeof b){var a=0,d=Math.max(b[b.length-1].cpuQuietPeriod.end,b[b.length-1].cpuQuietPeriod.end);b.forEach(function(b){a+=Math.floor(b.quietPeriodLength/55)});(a>=__ez.sswp&&1<a||10<=a||d<Date.now()-5E3)&&clearInterval(window.ezoIint);__ez.nap[0]=a;window.dispatchEvent(new CustomEvent("EzoIvent",{detail:[__ez.nap[0],50]}))}};
	_findOverlappingQuietPeriods=function(b,a){var d=a.slice(),c=b.slice();d.shift();c.shift();var f=[];d.forEach(function(e){c.forEach(function(c){e.start>=c.start?c.end>=e.start+55&&f.push({cpuQuietPeriod:e,networkQuietPeriod:c,cpuQuietPeriods:a,networkQuietPeriods:b,quietPeriodLength:Math.min(e.duration,c.duration)}):e.end>=c.start+55&&f.push({cpuQuietPeriod:e,networkQuietPeriod:c,cpuQuietPeriods:a,networkQuietPeriods:b,quietPeriodLength:Math.min(e.duration,c.duration)})})});if(0<f.length)return f};
	var netStartTime=0;_findNetworkQuietPeriods=function(b,a,d){0==netStartTime&&(netStartTime=a-1);a=[];for(var c in b){var f=b[c];0>f.end&&(f.end=99);a.push({time:f.start,isStart:!0});0<f.end&&a.push({time:f.end,isStart:!1})}a.sort(function(a,b){return a.time-b.time});var e=0,g=netStartTime,h=[];a.forEach(function(a){a.isStart?(e===__ez.nap[4]&&h.push({start:g,end:a.time,duration:a.time-g}),e++):(e--,e===__ez.nap[4]&&(g=a.time))});e<=__ez.nap[4]&&h.push({start:g,end:d,duration:d-g});return h};
	function hashCode(b){for(var a,d=0;d<b.length;d++)a=Math.imul(31,a)+b.charCodeAt(d)|0;return a}
	var ezogetrqbykey=function(b){for(var a=0,d=__ez.nap[2].length;a<d;a++)if(__ez.nap[2][a].id==b)return a},ezorqs=function(b,a){indexKey=window.ezogetrqbykey(a);"undefined"==typeof indexKey&&(__ez.nap[2].push({start:Date.now(),end:-1,id:a}),__ez.nap[3]++,setTimeout(function(){window.ezorqe(b,a)},2E3))},ezorqe=function(b,a,d){indexKey=window.ezogetrqbykey(a);"undefined"!=typeof indexKey&&-1==__ez.nap[2][indexKey].end?(__ez.nap[2][indexKey].end=Date.now(),__ez.nap[3]--):1==d&&__ez.nap[3]--};
	(function(){if("undefined"!=typeof window.__ez.ssaf&&-1<window.__ez.ssaf.indexOf(19)){var b=window.setInterval;window.setInterval=function(a,d){var c=d;90>c&&56!=c&&(c=90);if(3>arguments.length)return b(a,c);var f=Array.prototype.slice.call(arguments).slice(2);return b(a.bind(window,f),c)}}})();
	(function(){if("undefined"!=typeof window.__ez.ssaf&&-1<window.__ez.ssaf.indexOf(19)){var b=window.setTimeout;window.setTimeout=function(a,d){var c=d;90>c&&(c=90);if(3>arguments.length)return b(a,c);var f=this,e=Array.prototype.slice.call(arguments,2);return b(a instanceof Function?function(){a.apply(f,e)}:a,c)}}})();
	(function(){var b=window.XMLHttpRequest,a=function(){var a=new b;"undefined"!=typeof this.open?a.open=this.open:this.open=b.open;"undefined"!=typeof this.abort?a.abort=this.abort:this.open=b.open;"undefined"!=typeof this.getAllResponseHeaders?a.getAllResponseHeaders=this.getAllResponseHeaders:this.getAllResponseHeaders=b.getAllResponseHeaders;"undefined"!=typeof this.getResponseHeader?a.getResponseHeader=this.getResponseHeader:this.getResponseHeader=b.getResponseHeader;"undefined"!=typeof this.overrideMimeType?
	a.overrideMimeType=this.overrideMimeType:this.overrideMimeType=b.overrideMimeType;"undefined"!=typeof this.setRequestHeader?a.setRequestHeader=this.setRequestHeader:this.setRequestHeader=b.setRequestHeader;var d=Math.random();a.addEventListener("loadstart",function(a){window.ezorqs(a,d)});a.addEventListener("loadend",function(a){window.ezorqe(a,d)});a.addEventListener("error",function(a){window.ezorqe(a,d)});a.addEventListener("abort",function(a){window.ezorqe(a,d)});return a};a.prototype=b.prototype;
	for(var d in b)a[d]=b[d];window.XMLHttpRequest=a})();window.ezoFetchConst=window.fetch;window.fetch=function(b){var a=arguments,d=this,c=Math.random();window.ezorqs(b,c);return new Promise(function(b,e){window.ezoFetchConst.apply(d,a).then(function(a){window.ezorqe(a,c);b(a)})["catch"](function(a){window.ezorqe(a,c);e(a)})})};var _fEzDt=function(){return Date.now()};
	document.addEventListener("DOMContentLoaded",function(){window.ezodomstart=Date.now();if("requestIdleCallback"in window){var b=0;window.ezoIint=setInterval(function(){window.requestIdleCallback(function(a){var d=Date.now();a=a.timeRemaining();var c=_fEzDt();a<c&&(a>__ez.nap[1]?0==b&&(b=d):0!=b&&(a={start:b,end:d-(50-a)},a.duration=a.end-a.start,55<=a.duration&&(__ez.nap[5].push(a),window.ezocfol(d)),b=0))})},56)}else window.dispatchEvent(new CustomEvent("EzoIvent",{detail:[-1,-1]})),clearInterval(window.ezoIint)});
	"undefined"!=typeof window.__ez.ssaf&&-1<window.__ez.ssaf.indexOf(16)&&(window.addEventListener("load",function(){window.__ez__w_load=!0}),window.addEventListener("DOMContentLoaded",function(){window.__ez__w_dom=!0}),"undefined"!==typeof window.__ez.sshsdef&&!1===window.__ez.sshsdef&&function(){if(Element.prototype.addEventListener){window.__ez__ael=window.addEventListener;window.__ez__ael__proto=window.__ez__ael.prototype;var b=function(){"domcontentloaded"==arguments[0].toLowerCase()?arguments[0]=
	"EzoicDOMContentLoaded":"load"==arguments[0].toLowerCase()&&(arguments[0]="Ezoicload");window.__ez__ael.apply(window,arguments)};window.__ez__ael.prototype=window.__ez__ael__proto;window.addEventListener=b;document.addEventListener=b}}());window.ezorqs=ezorqs;window.ezorqe=ezorqe;window.ezocfol=ezocfol;window.ezogetrqbykey=ezogetrqbykey;__ez.nap=__ez.nap;</script>
<title>500 Internal Server Error</title>

<script data-ezscrex="false" data-cfasync="false" type="text/javascript">window.google_analytics_uacct = "UA-131129777-14";</script>
<script data-ezscrex="false" data-cfasync="false" type="text/javascript">
var _gaq = _gaq || [];
_gaq.push(['e._setAccount', 'UA-131129777-14']);
_gaq.push(['f._setAccount', 'UA-38339005-1']);
_gaq.push(['e._setDomainName', 'restapiexample.com']);
_gaq.push(['f._setDomainName', 'restapiexample.com']);
_gaq.push(['e._setCustomVar',1,'template','pub_site_noads',3]);
_gaq.push(['e._setCustomVar',2,'t','147',3]);
_gaq.push(['e._setCustomVar',3,'rid','0',2]);
_gaq.push(['e._setCustomVar',4,'bra','mod68',3]);
_gaq.push(['e._setAllowAnchor',true]);
_gaq.push(['e._setSiteSpeedSampleRate', 10]);
_gaq.push(['f._setCustomVar',1,'template','pub_site_noads',3]);
_gaq.push(['f._setCustomVar',2,'domain','restapiexample.com',3]);
_gaq.push(['f._setSiteSpeedSampleRate', 20]);
_gaq.push(['e._trackPageview']);
_gaq.push(['f._trackPageview']);


(function() {
 var ga = document.createElement('script'); ga.type = 'text/javascript'; ga.async = true;
 ga.src = ('https:' == document.location.protocol ? 'https://ssl' : 'http://www') + '.google-analytics.com/ga.js';
 var s = document.getElementsByTagName('script')[0]; s.parentNode.insertBefore(ga, s);
})();
</script>
<script type="text/javascript">var ezouid = "1";</script><base href="http://dummy.restapiexample.com/api/v1/delete/null"><script type='text/javascript'>
var ezoTemplate = 'pub_site_noads';
if(typeof ezouid == 'undefined')
{
    var ezouid = 'none';
}
var ezoFormfactor = '1';
var ezo_elements_to_check = Array();
</script><!-- START EZHEAD -->
<script data-ezscrex="false" type='text/javascript'>
var soc_app_id = '0';
var did = 133674;
var ezdomain = 'restapiexample.com';
var ezoicSearchable = 1;
</script>
<!--{jquery}-->
<!-- END EZHEAD -->
<script data-ezscrex='false' data-pagespeed-no-defer data-cfasync='false' type='text/javascript' style='display:none'>
__ez.queue.addFile('__ezf_ezosuigeneris', '//g.ezoic.net/ezosuigeneris.js', true, [], true, false, false, false);
var __ez_ezosuigenerisEvt = function() { if(typeof(ezosuigeneris) != 'undefined'){__ez.bit.AddAndFire(_ezaq['page_view_id'], [(new __ezDotData('universal_user_id', ezosuigeneris))]); }};
__ez.queue.addFunc('__ez_ezosuigenerisEvt', '__ez_ezosuigenerisEvt', null, false, ['__ezf_ezosuigeneris'], false, false, false, false);</script><script data-ezscrex='false' data-pagespeed-no-defer data-cfasync='false' type='text/javascript' style='display:none'>__ez.queue.addFile('__ezf_ezosuigenerisc', '//g.ezoic.net/ezosuigenerisc.js?nogen=1', true, [], true, false, false, false);</script>
<script data-ezscrex='false' data-pagespeed-no-defer data-cfasync='false'>
function create_ezolpl() {
    var d = new Date();
    d.setTime(d.getTime() + (365*24*60*60*1000));
    var expires = "expires="+d.toUTCString();
    __ez.ck.setByCat("ezux_lpl_133674=" + new Date().getTime() + "|89aeaa84-e0a7-4bbd-6b70-dbc76717e49c|false; " + expires, 3);
}
function attach_ezolpl() {
    if(window.attachEvent) {
        window.attachEvent('onload', create_ezolpl);
    } else {
        if(window.onload) {
            var curronload = window.onload;
            var newonload = function(evt) {
                curronload(evt);
                create_ezolpl();
            };
            window.onload = newonload;
        } else {
            window.onload = create_ezolpl;
        }
    }
}
attach_ezolpl();
</script></head><body>
<h1>Internal Server Error</h1>
<p>The server encountered an internal error or
misconfiguration and was unable to complete
your request.</p>
<p>Please contact the server administrator at 
 webmaster@dummy.restapiexample.com to inform them of the time this error occurred,
 and the actions you performed just before this error.</p>
<p>More information about this error may be available
in the server error log.</p>
<p>Additionally, a 500 Internal Server Error
error was encountered while trying to use an ErrorDocument to handle the request.</p>
<hr>
<address>Apache Server at dummy.restapiexample.com Port 80</address>
<script type="text/javascript" style='display:none;'>
var __ez_dims = (function() {
	var setCookie = function( name, content, expiry ) {
		return document.cookie = name+'='+content+((expiry)?';expires='+(new Date(Math.floor(new Date().getTime()+expiry*1000)).toUTCString()):'')+';path=/';
	};
	var ffid = 1;
	var oh = window.screen.height;
	var ow = window.screen.width;
	var h = ffid === 1 ? oh : (oh > ow) ? oh : ow;
	var w = ffid === 1 ? ow : (oh > ow) ? ow : oh;
	var uh = window.innerHeight || document.documentElement.clientHeight || document.getElementsByTagName('body')[0].clientHeight;
	var uw = window.innerWidth || document.documentElement.clientWidth || document.getElementsByTagName('body')[0].clientWidth;
	setCookie('ezds', encodeURIComponent('ffid='+ffid+',w='+w+',h='+h), (31536e3*7));
	setCookie('ezohw', encodeURIComponent('w='+uw+',h='+uh), (31536e3*7));
})();
</script><script type='text/javascript' style='display:none;' async>
__ez.queue.addFile('edmonton.php', '/detroitchicago/edmonton.webp?a=a&cb=188-3&shcb=32', true, [], true, false, false, false);
__ez.queue.addFile('jellyfish.php', '/porpoiseant/jellyfish.webp?a=a&cb=188-3&shcb=32', false, [], true, false, false, false);
</script>

<script type='text/javascript' data-cfasync='false'></script></body></html>

2020-05-08 22:12:17 INFO  EmployeesRestAPI:16 - TC003 started
2020-05-08 22:12:20 INFO  EmployeesRestAPI:33 - Response is {"status":"failed","message":"Error! Not able to delete record"}
2020-05-08 22:13:11 INFO  EmployeesRestAPI:16 - TC003 started
2020-05-08 22:13:13 INFO  EmployeesRestAPI:22 - {"status":"success","data":[{"id":"1","employee_name":"Tiger Nixon","employee_salary":"320800","employee_age":"61","profile_image":""},{"id":"2","employee_name":"Garrett Winters","employee_salary":"170750","employee_age":"63","profile_image":""},{"id":"3","employee_name":"Ashton Cox","employee_salary":"86000","employee_age":"66","profile_image":""},{"id":"4","employee_name":"Cedric Kelly","employee_salary":"433060","employee_age":"22","profile_image":""},{"id":"5","employee_name":"Airi Satou","employee_salary":"162700","employee_age":"33","profile_image":""},{"id":"6","employee_name":"Brielle Williamson","employee_salary":"372000","employee_age":"61","profile_image":""},{"id":"7","employee_name":"Herrod Chandler","employee_salary":"137500","employee_age":"59","profile_image":""},{"id":"8","employee_name":"Rhona Davidson","employee_salary":"327900","employee_age":"55","profile_image":""},{"id":"9","employee_name":"Colleen Hurst","employee_salary":"205500","employee_age":"39","profile_image":""},{"id":"10","employee_name":"Sonya Frost","employee_salary":"103600","employee_age":"23","profile_image":""},{"id":"11","employee_name":"Jena Gaines","employee_salary":"90560","employee_age":"30","profile_image":""},{"id":"12","employee_name":"Quinn Flynn","employee_salary":"342000","employee_age":"22","profile_image":""},{"id":"13","employee_name":"Charde Marshall","employee_salary":"470600","employee_age":"36","profile_image":""},{"id":"14","employee_name":"Haley Kennedy","employee_salary":"313500","employee_age":"43","profile_image":""},{"id":"15","employee_name":"Tatyana Fitzpatrick","employee_salary":"385750","employee_age":"19","profile_image":""},{"id":"16","employee_name":"Michael Silva","employee_salary":"198500","employee_age":"66","profile_image":""},{"id":"17","employee_name":"Paul Byrd","employee_salary":"725000","employee_age":"64","profile_image":""},{"id":"18","employee_name":"Gloria Little","employee_salary":"237500","employee_age":"59","profile_image":""},{"id":"19","employee_name":"Bradley Greer","employee_salary":"132000","employee_age":"41","profile_image":""},{"id":"20","employee_name":"Dai Rios","employee_salary":"217500","employee_age":"35","profile_image":""},{"id":"21","employee_name":"Jenette Caldwell","employee_salary":"345000","employee_age":"30","profile_image":""},{"id":"22","employee_name":"Yuri Berry","employee_salary":"675000","employee_age":"40","profile_image":""},{"id":"23","employee_name":"Caesar Vance","employee_salary":"106450","employee_age":"21","profile_image":""},{"id":"24","employee_name":"Doris Wilder","employee_salary":"85600","employee_age":"23","profile_image":""}]}
2020-05-08 22:13:14 INFO  EmployeesRestAPI:34 - Response is {"status":"failed","message":"Error! Not able to delete record"}
2020-05-08 22:13:36 INFO  EmployeesRestAPI:16 - TC003 started
2020-05-08 22:13:38 INFO  EmployeesRestAPI:22 - {"status":"success","data":[{"id":"1","employee_name":"Tiger Nixon","employee_salary":"320800","employee_age":"61","profile_image":""},{"id":"2","employee_name":"Garrett Winters","employee_salary":"170750","employee_age":"63","profile_image":""},{"id":"3","employee_name":"Ashton Cox","employee_salary":"86000","employee_age":"66","profile_image":""},{"id":"4","employee_name":"Cedric Kelly","employee_salary":"433060","employee_age":"22","profile_image":""},{"id":"5","employee_name":"Airi Satou","employee_salary":"162700","employee_age":"33","profile_image":""},{"id":"6","employee_name":"Brielle Williamson","employee_salary":"372000","employee_age":"61","profile_image":""},{"id":"7","employee_name":"Herrod Chandler","employee_salary":"137500","employee_age":"59","profile_image":""},{"id":"8","employee_name":"Rhona Davidson","employee_salary":"327900","employee_age":"55","profile_image":""},{"id":"9","employee_name":"Colleen Hurst","employee_salary":"205500","employee_age":"39","profile_image":""},{"id":"10","employee_name":"Sonya Frost","employee_salary":"103600","employee_age":"23","profile_image":""},{"id":"11","employee_name":"Jena Gaines","employee_salary":"90560","employee_age":"30","profile_image":""},{"id":"12","employee_name":"Quinn Flynn","employee_salary":"342000","employee_age":"22","profile_image":""},{"id":"13","employee_name":"Charde Marshall","employee_salary":"470600","employee_age":"36","profile_image":""},{"id":"14","employee_name":"Haley Kennedy","employee_salary":"313500","employee_age":"43","profile_image":""},{"id":"15","employee_name":"Tatyana Fitzpatrick","employee_salary":"385750","employee_age":"19","profile_image":""},{"id":"16","employee_name":"Michael Silva","employee_salary":"198500","employee_age":"66","profile_image":""},{"id":"17","employee_name":"Paul Byrd","employee_salary":"725000","employee_age":"64","profile_image":""},{"id":"18","employee_name":"Gloria Little","employee_salary":"237500","employee_age":"59","profile_image":""},{"id":"19","employee_name":"Bradley Greer","employee_salary":"132000","employee_age":"41","profile_image":""},{"id":"20","employee_name":"Dai Rios","employee_salary":"217500","employee_age":"35","profile_image":""},{"id":"21","employee_name":"Jenette Caldwell","employee_salary":"345000","employee_age":"30","profile_image":""},{"id":"22","employee_name":"Yuri Berry","employee_salary":"675000","employee_age":"40","profile_image":""},{"id":"23","employee_name":"Caesar Vance","employee_salary":"106450","employee_age":"21","profile_image":""},{"id":"24","employee_name":"Doris Wilder","employee_salary":"85600","employee_age":"23","profile_image":""}]}
2020-05-08 22:13:39 INFO  EmployeesRestAPI:34 - Response is {"status":"failed","message":"Error! Not able to delete record"}
